{"level":"info","message":"2024-02-08 21:10 - GET /api/projects - 73ms"}
{"level":"info","message":"2024-02-08 21:10 - GET /api/transactions - 106ms"}
{"level":"info","message":"2024-02-08 21:10 - GET /api/transaction-types - 75ms"}
{"level":"info","message":"2024-02-08 21:10 - GET /api/projects - 63ms"}
{"level":"info","message":"2024-02-08 21:12 - GET /api/projects - 73ms"}
{"level":"info","message":"2024-02-08 21:13 - GET /api/transactions - 66ms"}
{"level":"info","message":"2024-02-08 21:13 - GET /api/transaction-types - 66ms"}
{"level":"info","message":"2024-02-08 21:14 - GET /api/projects - 68ms"}
{"level":"info","message":"2024-02-08 21:14 - GET /api/transactions - 88ms"}
{"level":"info","message":"2024-02-08 21:14 - GET /api/transaction-types - 83ms"}
{"level":"info","message":"2024-02-08 21:14 - GET /api/projects - 63ms"}
{"level":"info","message":"2024-02-08 21:15 - GET /api/transactions - 67ms"}
{"level":"info","message":"2024-02-08 21:15 - GET /api/transaction-types - 70ms"}
{"level":"info","message":"2024-02-08 21:15 - GET /api/projects - 68ms"}
{"level":"info","message":"2024-02-08 21:15 - GET /api/transactions - 80ms"}
{"level":"info","message":"2024-02-08 21:15 - GET /api/transaction-types - 66ms"}
{"level":"info","message":"2024-02-08 21:15 - GET /api/projects - 63ms"}
{"level":"info","message":"2024-02-08 21:16 - GET /api/transactions - 62ms"}
{"level":"info","message":"2024-02-08 21:16 - GET /api/transaction-types - 66ms"}
{"level":"info","message":"2024-02-08 21:16 - GET /api/projects - 62ms"}
{"level":"info","message":"2024-02-08 21:17 - GET /api/transactions - 66ms"}
{"level":"info","message":"2024-02-08 21:17 - GET /api/transaction-types - 73ms"}
{"level":"info","message":"2024-02-08 21:17 - GET /api/projects - 105ms"}
{"level":"info","message":"2024-02-08 21:17 - GET /api/transactions - 308ms"}
{"level":"info","message":"2024-02-08 21:17 - GET /api/transaction-types - 171ms"}
{"level":"info","message":"2024-02-08 21:18 - GET /api/projects - 57ms"}
{"level":"info","message":"2024-02-10 10:07 - GET /api/projects - 10027ms"}
{"level":"info","message":"2024-02-10 10:07 - GET /api/transactions - 10007ms"}
{"level":"info","message":"2024-02-10 10:07 - GET /api/projects - 10009ms"}
{"level":"info","message":"2024-02-10 10:07 - GET /api/transactions - 10015ms"}
{"level":"info","message":"2024-02-10 10:07 - GET /api/projects - 10007ms"}
{"level":"info","message":"2024-02-10 10:09 - GET /api/transactions - 10034ms"}
{"level":"info","message":"2024-02-10 10:10 - GET /api/transactions - 10019ms"}
{"level":"info","message":"2024-02-10 10:10 - GET /api/transactions - 10027ms"}
{"level":"info","message":"2024-02-10 10:11 - GET /api/transactions - 10007ms"}
{"level":"info","message":"2024-02-10 10:11 - GET /api/transactions - 10016ms"}
{"level":"info","message":"2024-02-10 10:11 - GET /api/transactions - 10010ms"}
{"level":"info","message":"2024-02-10 10:12 - GET /api/transactions - 10016ms"}
{"level":"info","message":"2024-02-10 10:12 - GET /api/transactions - 10021ms"}
{"level":"info","message":"2024-02-10 10:12 - GET /api/transactions - 10007ms"}
{"level":"info","message":"2024-02-10 10:13 - GET /api/transactions - 10017ms"}
{"level":"info","message":"2024-02-10 10:15 - GET /api/transactions - 10008ms"}
{"level":"info","message":"2024-02-10 10:15 - GET /api/transactions - 10015ms"}
{"level":"info","message":"2024-02-10 10:15 - GET /api/transactions - 10013ms"}
{"level":"info","message":"2024-02-10 10:37 - GET /api/projects - 10076ms"}
{"level":"info","message":"2024-02-10 10:37 - GET /api/transactions - 10014ms"}
{"level":"info","message":"2024-02-10 10:37 - GET /api/projects - 10019ms"}
{"level":"info","message":"2024-02-10 10:38 - POST /api/projects/create-project - 23ms"}
{"level":"info","message":"2024-02-10 10:38 - POST /api/projects/create-project - 23ms"}
{"level":"info","message":"2024-02-10 10:38 - POST /api/projects/create-project - 18ms"}
{"level":"info","message":"2024-02-10 11:21 - GET /api/projects - 10041ms"}
{"level":"info","message":"2024-02-10 11:36 - POST /api/projects/create-project - 37ms"}
{"level":"info","message":"2024-02-10 13:25 - GET /api/transactions - 10107ms"}
{"level":"info","message":"2024-02-10 13:26 - POST /api/projects/create-project - 21ms"}
{"level":"info","message":"2024-02-13 20:21 - POST /api/users/login - 190ms"}
{"level":"info","message":"2024-02-13 20:41 - POST /api/projects/create-project - 27ms"}
{"level":"info","message":"2024-02-13 20:47 - POST /api/projects/create-project - 6ms"}
{"level":"info","message":"2024-02-13 20:59 - POST /api/projects/create-project - 21ms"}
{"level":"info","message":"2024-02-13 20:59 - POST /api/users/login - 196ms"}
{"level":"info","message":"2024-02-13 20:59 - POST /api/projects/create-project - 7ms"}
{"level":"info","message":"2024-02-13 21:04 - POST /api/projects/create-project - 125ms"}
{"level":"info","message":"2024-02-13 21:04 - POST /api/projects/create-project - 9ms"}
{"level":"info","message":"2024-02-13 21:05 - GET /api/projects - 85ms"}
{"level":"info","message":"2024-02-13 21:05 - POST /api/projects/create-project - 11ms"}
{"level":"info","message":"2024-02-13 21:06 - GET /api/projects - 206ms"}
{"level":"info","message":"2024-02-13 21:06 - GET /api/projects - 86ms"}
{"level":"info","message":"2024-02-13 21:07 - POST /api/projects/create-project - 6ms"}
{"level":"info","message":"2024-02-13 21:08 - POST /api/projects/create-project - 112ms"}
{"level":"info","message":"2024-02-13 21:08 - GET /api/projects - 82ms"}
{"level":"info","message":"2024-02-13 21:09 - POST /api/projects/create-project - 245ms"}
{"level":"info","message":"2024-02-13 21:10 - GET /api/transaction-types - 89ms"}
{"level":"info","message":"2024-02-13 21:11 - POST /api/transaction-types/create-transaction-type - 109ms"}
{"level":"info","message":"2024-02-13 21:11 - POST /api/transaction-types/create-transaction-type - 207ms"}
{"level":"info","message":"2024-02-13 21:12 - POST /api/transaction-types/create-transaction-type - 90ms"}
{"level":"info","message":"2024-02-13 21:12 - POST /api/transaction-types/create-transaction-type - 95ms"}
{"level":"info","message":"2024-02-13 21:13 - POST /api/transaction-types/create-transaction-type - 334ms"}
{"level":"info","message":"2024-02-13 21:13 - POST /api/transaction-types/create-transaction-type - 145ms"}
{"level":"info","message":"2024-02-13 21:13 - POST /api/transaction-types/create-transaction-type - 107ms"}
{"level":"info","message":"2024-02-13 21:13 - POST /api/transaction-types/create-transaction-type - 132ms"}
{"level":"info","message":"2024-02-13 21:14 - POST /api/transaction-types/create-transaction-type - 87ms"}
{"level":"info","message":"2024-02-13 21:14 - POST /api/transaction-types/create-transaction-type - 207ms"}
{"level":"info","message":"2024-02-13 21:14 - POST /api/transaction-types/create-transaction-type - 161ms"}
{"level":"info","message":"2024-02-13 21:14 - POST /api/transaction-types/create-transaction-type - 91ms"}
{"level":"info","message":"2024-02-13 21:15 - GET /api/transaction-types - 132ms"}
{"level":"info","message":"2024-02-13 21:15 - POST /api/transaction-types/create-transaction-type - 156ms"}
{"level":"info","message":"2024-02-13 21:23 - GET /api/transaction-types - 193ms"}
{"level":"info","message":"2024-02-13 21:26 - GET /api/projects - 102ms"}
{"level":"info","message":"2024-02-13 21:26 - GET /api/projects - 133ms"}
{"level":"info","message":"2024-02-13 21:26 - GET /api/projects - 218ms"}
{"level":"info","message":"2024-02-13 21:27 - GET /api/transactions - 534ms"}
{"level":"info","message":"2024-02-13 21:27 - GET /api/projects - 117ms"}
{"level":"info","message":"2024-02-13 21:27 - GET /api/transactions - 142ms"}
{"level":"info","message":"2024-02-13 21:28 - GET /api/transactions - 100ms"}
{"level":"info","message":"2024-02-13 21:29 - GET /api/projects - 140ms"}
{"level":"info","message":"2024-02-13 21:44 - POST /api/users/register - 624ms"}
{"level":"info","message":"2024-02-13 21:44 - POST /api/users/login - 349ms"}
{"level":"info","message":"2024-02-13 21:44 - GET /api/projects - 87ms"}
{"level":"info","message":"2024-02-13 21:44 - GET /api/transactions - 115ms"}
{"level":"info","message":"2024-02-13 21:44 - GET /api/projects - 81ms"}
{"level":"info","message":"2024-02-13 21:44 - GET /api/transactions - 84ms"}
{"level":"info","message":"2024-02-13 21:44 - GET /api/projects - 129ms"}
{"level":"info","message":"2024-02-13 21:44 - GET /api/transactions - 209ms"}
{"level":"info","message":"2024-02-13 21:46 - GET /api/projects - 84ms"}
{"level":"info","message":"2024-02-13 21:46 - GET /api/transactions - 158ms"}
{"level":"info","message":"2024-02-13 21:47 - GET /api/projects - 96ms"}
{"level":"info","message":"2024-02-13 21:48 - GET /api/transactions - 524ms"}
{"level":"info","message":"2024-02-13 21:48 - GET /api/projects - 84ms"}
{"level":"info","message":"2024-02-13 21:48 - GET /api/transactions - 102ms"}
{"level":"info","message":"2024-02-13 21:48 - GET /api/projects - 109ms"}
{"level":"info","message":"2024-02-13 21:49 - DELETE /api/projects/delete-project/65c207fe54aaf698efd3495b - 246ms"}
{"level":"info","message":"2024-02-13 21:49 - GET /api/projects - 178ms"}
{"level":"info","message":"2024-02-13 21:49 - DELETE /api/projects/delete-project/65c207fe54aaf698efd3495b - 110ms"}
{"level":"info","message":"2024-02-13 21:49 - DELETE /api/projects/delete-project/65cbd940eb27ade69cb87547 - 107ms"}
{"level":"info","message":"2024-02-13 21:49 - GET /api/projects - 387ms"}
{"level":"info","message":"2024-02-13 21:49 - DELETE /api/projects/delete-project/65c20b3954aaf698efd3496f - 141ms"}
{"level":"info","message":"2024-02-13 21:49 - GET /api/projects - 144ms"}
{"level":"info","message":"2024-02-13 21:49 - POST /api/projects/create-project - 21ms"}
{"level":"info","message":"2024-02-13 21:49 - POST /api/projects/create-project - 6ms"}
{"level":"info","message":"2024-02-13 21:49 - POST /api/projects/create-project - 16ms"}
{"level":"info","message":"2024-02-13 21:49 - POST /api/projects/create-project - 5ms"}
{"level":"info","message":"2024-02-13 21:49 - POST /api/projects/create-project - 5ms"}
{"level":"info","message":"2024-02-13 21:49 - POST /api/projects/create-project - 4ms"}
{"level":"info","message":"2024-02-13 21:49 - POST /api/projects/create-project - 6ms"}
{"level":"info","message":"2024-02-13 21:49 - POST /api/projects/create-project - 17ms"}
{"level":"info","message":"2024-02-13 21:49 - POST /api/projects/create-project - 4ms"}
{"level":"info","message":"2024-02-13 21:49 - POST /api/projects/create-project - 5ms"}
{"level":"info","message":"2024-02-13 21:50 - POST /api/projects/create-project - 107ms"}
{"level":"info","message":"2024-02-13 21:50 - POST /api/projects/create-project - 91ms"}
{"level":"info","message":"2024-02-13 21:50 - POST /api/projects/create-project - 403ms"}
{"level":"info","message":"2024-02-13 21:50 - POST /api/projects/create-project - 540ms"}
{"level":"info","message":"2024-02-13 21:50 - GET /api/projects - 116ms"}
{"level":"info","message":"2024-02-13 21:50 - GET /api/projects - 97ms"}
{"level":"info","message":"2024-02-13 21:51 - GET /api/projects - 202ms"}
{"level":"info","message":"2024-02-13 21:52 - GET /api/projects - 100ms"}
{"level":"info","message":"2024-02-13 21:52 - GET /api/projects - 360ms"}
{"level":"info","message":"2024-02-13 21:52 - GET /api/projects - 408ms"}
{"level":"info","message":"2024-02-13 22:46 - GET /api/projects - 1377ms"}
{"level":"info","message":"2024-02-13 22:46 - GET /api/transactions - 69ms"}
{"level":"info","message":"2024-02-13 22:46 - GET /api/transactions - 62ms"}
{"level":"info","message":"2024-02-13 22:46 - GET /api/transactions - 70ms"}
{"level":"info","message":"2024-02-13 23:11 - GET /api/projects - 76ms"}
{"level":"info","message":"2024-02-13 23:11 - GET /api/transactions - 65ms"}
{"level":"info","message":"2024-02-13 23:11 - GET /api/projects - 62ms"}
{"level":"info","message":"2024-02-13 23:11 - GET /api/transactions - 63ms"}
{"level":"info","message":"2024-02-13 23:11 - GET /api/projects - 69ms"}
{"level":"info","message":"2024-02-13 23:11 - GET /api/transactions - 63ms"}
{"level":"info","message":"2024-02-13 23:11 - GET /api/projects - 61ms"}
{"level":"info","message":"2024-02-13 23:11 - GET /api/transactions - 69ms"}
{"level":"info","message":"2024-02-13 23:11 - GET /api/projects - 71ms"}
{"level":"info","message":"2024-02-13 23:11 - GET /api/transactions - 61ms"}
{"level":"info","message":"2024-02-13 23:11 - GET /api/projects - 83ms"}
{"level":"info","message":"2024-02-13 23:20 - GET /transactionTypes - 7ms"}
{"level":"info","message":"2024-02-13 23:21 - GET /transaction-types - 1ms"}
{"level":"info","message":"2024-02-13 23:22 - GET /transaction-types - 1ms"}
{"level":"info","message":"2024-02-13 23:22 - GET /transaction-types - 3ms"}
{"level":"info","message":"2024-02-13 23:22 - GET /api/transaction-types - 78ms"}
{"level":"info","message":"2024-02-13 23:27 - GET /api/transaction-types - 74ms"}
{"level":"info","message":"2024-02-13 23:29 - GET /api/transaction-types - 86ms"}
{"level":"info","message":"2024-02-13 23:29 - GET /api/transaction-types - 61ms"}
{"level":"info","message":"2024-02-13 23:29 - GET /api/transaction-types - 62ms"}
{"level":"info","message":"2024-02-13 23:32 - GET /api/transaction-types - 68ms"}
{"level":"info","message":"2024-02-13 23:35 - GET /api/transaction-types - 75ms"}
{"level":"info","message":"2024-02-13 23:37 - GET /api/transaction-types - 93ms"}
{"level":"info","message":"2024-02-13 23:44 - GET /api/projects - 81ms"}
{"level":"info","message":"2024-02-13 23:45 - GET /api/transaction-types - 107ms"}
{"level":"info","message":"2024-02-13 23:45 - GET /api/projects - 1116ms"}
{"level":"info","message":"2024-02-13 23:50 - GET /api/projects - 63ms"}
{"level":"info","message":"2024-02-13 23:50 - GET /api/transaction-types - 80ms"}
{"level":"info","message":"2024-02-14 00:06 - GET /api/projects - 66ms"}
{"level":"info","message":"2024-02-14 00:06 - GET /api/transaction-types - 87ms"}
{"level":"info","message":"2024-02-14 00:08 - GET /api/projects - 60ms"}
{"level":"info","message":"2024-02-14 00:08 - GET /api/transaction-types - 65ms"}
{"level":"info","message":"2024-02-14 00:08 - GET /api/projects - 63ms"}
{"level":"info","message":"2024-02-14 00:08 - GET /api/transaction-types - 68ms"}
{"level":"info","message":"2024-02-14 00:09 - GET /api/projects - 63ms"}
{"level":"info","message":"2024-02-14 00:09 - GET /api/transaction-types - 69ms"}
{"level":"info","message":"2024-02-14 00:10 - GET /api/transaction-types - 70ms"}
{"level":"info","message":"2024-02-14 00:10 - GET /api/projects - 92ms"}
{"level":"info","message":"2024-02-14 00:27 - GET /api/projects - 60ms"}
{"level":"info","message":"2024-02-14 00:27 - GET /api/transaction-types - 73ms"}
{"level":"info","message":"2024-02-14 13:59 - GET /api/projects - 397ms"}
{"level":"info","message":"2024-02-14 13:59 - GET /api/transactions - 109ms"}
{"level":"info","message":"2024-02-14 13:59 - GET /api/projects - 93ms"}
{"level":"info","message":"2024-02-14 13:59 - GET /api/projects - 54ms"}
{"level":"info","message":"2024-02-14 13:59 - GET /api/transaction-types - 302ms"}
{"level":"info","message":"2024-02-14 13:59 - GET /api/projects - 209ms"}
{"level":"info","message":"2024-02-14 14:03 - GET /api/projects - 67ms"}
{"level":"info","message":"2024-02-14 14:03 - GET /api/transactions - 44ms"}
{"level":"info","message":"2024-02-14 14:03 - GET /api/projects - 46ms"}
{"level":"info","message":"2024-02-14 14:03 - GET /api/transactions - 46ms"}
{"level":"info","message":"2024-02-14 14:05 - GET /api/projects - 68ms"}
{"level":"info","message":"2024-02-14 14:05 - GET /api/transactions - 55ms"}
{"level":"info","message":"2024-02-15 05:05 - GET /api/transactions - 555ms"}
{"level":"info","message":"2024-02-15 05:05 - GET /api/projects - 85ms"}
{"level":"info","message":"2024-02-15 05:05 - GET /api/transaction-types - 453ms"}
{"level":"info","message":"2024-02-15 05:14 - GET /api/transactions - 89ms"}
{"level":"info","message":"2024-02-15 05:14 - GET /api/projects - 55ms"}
{"level":"info","message":"2024-02-15 05:14 - GET /api/transaction-types - 97ms"}
{"level":"info","message":"2024-02-15 05:16 - POST /api/transactions - 2ms"}
{"level":"info","message":"2024-02-15 05:17 - POST /api/transactions - 2ms"}
{"level":"info","message":"2024-02-15 05:17 - POST /api/transactions - 1ms"}
{"level":"info","message":"2024-02-15 05:17 - POST /api/transactions - 0ms"}
{"level":"info","message":"2024-02-15 05:17 - POST /api/transactions - 4ms"}
{"level":"info","message":"2024-02-15 05:17 - POST /api/transactions - 1ms"}
{"level":"info","message":"2024-02-15 05:17 - POST /api/transactions - 0ms"}
{"level":"info","message":"2024-02-15 05:17 - POST /api/transactions - 0ms"}
{"level":"info","message":"2024-02-15 05:17 - GET /api/transactions - 89ms"}
{"level":"info","message":"2024-02-15 05:18 - GET /api/projects - 62ms"}
{"level":"info","message":"2024-02-15 05:18 - GET /api/transaction-types - 85ms"}
{"level":"info","message":"2024-02-15 05:18 - POST /api/transactions - 1ms"}
{"level":"info","message":"2024-02-15 05:18 - GET /api/transactions - 179ms"}
{"level":"info","message":"2024-02-15 05:18 - GET /api/projects - 72ms"}
{"level":"info","message":"2024-02-15 05:18 - GET /api/transaction-types - 94ms"}
{"level":"info","message":"2024-02-15 05:18 - POST /api/transactions - 1ms"}
{"level":"info","message":"2024-02-15 05:21 - POST /api/transactions - 480ms"}
{"level":"info","message":"2024-02-15 05:21 - GET /api/transactions - 70ms"}
{"level":"info","message":"2024-02-15 21:03 - GET /api/transactions - 1402ms"}
{"level":"info","message":"2024-02-15 21:03 - GET /api/transaction-types - 90ms"}
{"level":"info","message":"2024-02-15 21:03 - GET /api/projects - 1024ms"}
{"level":"info","message":"2024-02-15 21:13 - GET /api/files?match=transaction=[object%20Object] - 81ms"}
{"level":"info","message":"2024-02-15 21:13 - GET /api/transaction-types - 96ms"}
{"level":"info","message":"2024-02-15 21:13 - GET /api/files?match=transaction=[object%20Object] - 117ms"}
{"level":"info","message":"2024-02-15 21:13 - GET /api/projects - 774ms"}
{"level":"info","message":"2024-02-15 21:15 - GET /api/transaction - 16ms"}
{"level":"info","message":"2024-02-15 21:15 - GET /api/transaction - 2ms"}
{"level":"info","message":"2024-02-15 21:15 - GET /api/transaction-types - 948ms"}
{"level":"info","message":"2024-02-15 21:15 - GET /api/projects - 953ms"}
{"level":"info","message":"2024-02-15 21:17 - GET /api/?transaction=[object%20Object] - 4ms"}
{"level":"info","message":"2024-02-15 21:18 - GET /api/?transaction=undefined - 1ms"}
{"level":"info","message":"2024-02-15 21:18 - GET /api/projects - 76ms"}
{"level":"info","message":"2024-02-15 21:18 - GET /api/transaction-types - 93ms"}
{"level":"info","message":"2024-02-15 21:19 - GET /api/?transaction=65c22cf3e8455c336549f8df - 1ms"}
{"level":"info","message":"2024-02-15 21:19 - GET /api/?transaction=65c22cf3e8455c336549f8df - 1ms"}
{"level":"info","message":"2024-02-15 21:19 - GET /api/projects - 177ms"}
{"level":"info","message":"2024-02-15 21:19 - GET /api/transaction-types - 213ms"}
{"level":"info","message":"2024-02-15 21:23 - GET /api/?transaction=65c22cf3e8455c336549f8df - 1ms"}
{"level":"info","message":"2024-02-15 21:23 - GET /api/?transaction=65c22cf3e8455c336549f8df - 2ms"}
{"level":"info","message":"2024-02-15 21:23 - GET /api/?transaction=65c22cf3e8455c336549f8df - 1ms"}
{"level":"info","message":"2024-02-15 21:24 - GET /api/?transaction=65c22cf3e8455c336549f8df - 1ms"}
{"level":"info","message":"2024-02-15 21:24 - GET /api/?transaction=65c22cf3e8455c336549f8df - 4ms"}
{"level":"info","message":"2024-02-15 21:24 - GET /api/projects - 89ms"}
{"level":"info","message":"2024-02-15 21:24 - GET /api/transaction-types - 108ms"}
{"level":"info","message":"2024-02-15 21:25 - GET /api/?transaction=65c22cf3e8455c336549f8df - 2ms"}
{"level":"info","message":"2024-02-15 21:26 - GET /api/?transaction=65c22cf3e8455c336549f8df - 1ms"}
{"level":"info","message":"2024-02-16 03:49 - POST /api/files - 794ms"}
{"level":"info","message":"2024-02-16 08:02 - GET /api/?transaction=65c22cf3e8455c336549f8df - 2ms"}
{"level":"info","message":"2024-02-16 08:09 - GET /api/?transaction=65c22cf3e8455c336549f8df - 6ms"}
{"level":"info","message":"2024-02-16 08:18 - GET / - 28ms"}
{"level":"info","message":"2024-02-16 08:18 - GET /user - 4ms"}
{"level":"info","message":"2024-02-16 08:18 - GET /users - 2ms"}
{"level":"info","message":"2024-02-16 08:21 - GET / - 12ms"}
{"level":"info","message":"2024-02-17 18:09 - POST /api/users/login - 2026ms"}
{"level":"info","message":"2024-02-17 18:10 - GET /api/?transaction=65c22cf3e8455c336549f8df - 5ms"}
{"level":"info","message":"2024-02-17 18:13 - GET /api/?transaction=65c22cf3e8455c336549f8df - 4ms"}
{"level":"info","message":"2024-02-17 18:13 - GET /api/?transaction=65c22cf3e8455c336549f8df - 3ms"}
{"level":"info","message":"2024-02-17 18:15 - GET /api/?transaction=65c22cf3e8455c336549f8df - 0ms"}
{"level":"info","message":"2024-02-17 18:16 - GET /api/?transaction=65c22cf3e8455c336549f8df - 6ms"}
{"level":"info","message":"2024-02-17 18:16 - GET /api/?transaction=65c22cf3e8455c336549f8df - 2ms"}
{"level":"info","message":"2024-02-17 18:16 - GET /api/?transaction=65c22cf3e8455c336549f8df - 8ms"}
{"level":"info","message":"2024-02-17 18:38 - GET /api/?transaction=65c22cf3e8455c336549f8df - 3ms"}
{"level":"info","message":"2024-02-17 18:50 - GET /api/files?transaction=65c22cf3e8455c336549f8df - 353ms"}
{"level":"info","message":"2024-02-17 18:50 - GET /favicon.ico - 3ms"}
{"level":"info","message":"2024-02-17 18:50 - GET /api/files?transaction=65c22cf3e8455c336549f8df - 343ms"}
{"level":"info","message":"2024-02-19 14:40 - GET /api/projects - 1520ms"}
{"level":"info","message":"2024-02-19 14:41 - GET /api/projects - 213ms"}
{"level":"info","message":"2024-02-19 14:41 - GET /api/transactions - 216ms"}
{"level":"info","message":"2024-02-19 14:41 - GET /api/projects - 213ms"}
{"level":"info","message":"2024-02-19 14:41 - GET /api/transactions - 222ms"}
{"level":"info","message":"2024-02-19 14:41 - GET /api/projects - 212ms"}
{"level":"info","message":"2024-02-19 14:41 - GET /api/projects - 215ms"}
{"level":"info","message":"2024-02-19 14:41 - GET /api/projects - 209ms"}
{"level":"info","message":"2024-02-19 14:41 - GET /api/transactions - 217ms"}
{"level":"info","message":"2024-02-19 14:41 - GET /api/projects - 213ms"}
{"level":"info","message":"2024-02-19 14:41 - GET /api/transactions - 214ms"}
{"level":"info","message":"2024-02-19 14:41 - GET /api/projects - 209ms"}
{"level":"info","message":"2024-02-19 14:42 - GET /api/transactions - 218ms"}
{"level":"info","message":"2024-02-19 14:42 - GET /api/projects - 208ms"}
{"level":"info","message":"2024-02-19 18:31 - GET /api/projects - 306ms"}
{"level":"info","message":"2024-02-19 18:33 - GET /api/files?transaction=65c22cf3e8455c336549f8df - 289ms"}
{"level":"info","message":"2024-02-19 18:35 - POST /api/files - 352ms"}
{"level":"info","message":"2024-02-19 18:35 - GET /api/files?transaction=65c22cf3e8455c336549f8df - 276ms"}
{"level":"info","message":"2024-02-19 18:36 - GET /api/files?transaction=65c22cf3e8455c336549f8df - 280ms"}
{"level":"info","message":"2024-02-19 18:37 - GET /api/files?transaction=65c22cf3e8455c336549f8df - 276ms"}
{"level":"info","message":"2024-02-19 18:37 - GET /api/files?transaction=65c22cf3e8455c336549f8df - 378ms"}
{"level":"info","message":"2024-02-19 18:39 - GET /api/files?transaction=65c22cf3e8455c336549f8df - 357ms"}
{"level":"info","message":"2024-02-19 18:40 - GET /api/files?transaction=65c22cf3e8455c336549f8df - 277ms"}
{"level":"info","message":"2024-02-19 18:41 - GET /api/files?transaction=65c22cf3e8455c336549f8df - 276ms"}
{"level":"info","message":"2024-02-19 18:41 - GET /api/files?transaction=65c22cf3e8455c336549f8df - 277ms"}
{"level":"info","message":"2024-02-19 18:43 - GET /api/files?transaction=65c22cf3e8455c336549f8df - 278ms"}
{"level":"info","message":"2024-02-19 18:43 - GET /api/files?transaction=65c22cf3e8455c336549f8df - 276ms"}
{"level":"info","message":"2024-02-19 18:48 - GET /api/files?transaction=65c22cf3e8455c336549f8df - 279ms"}
{"level":"info","message":"2024-02-19 19:08 - GET /api/projects - 283ms"}
{"level":"info","message":"2024-02-19 19:08 - GET /api/transactions - 281ms"}
{"level":"info","message":"2024-02-19 19:08 - GET /api/transactions - 277ms"}
{"level":"info","message":"2024-02-19 19:08 - GET /api/transactions - 343ms"}
{"level":"info","message":"2024-02-19 19:08 - GET /api/transactions - 277ms"}
{"level":"info","message":"2024-02-19 19:09 - GET /api/transactions - 277ms"}
{"level":"info","message":"2024-02-19 19:09 - GET /api/transactions - 276ms"}
{"level":"info","message":"2024-02-19 19:09 - GET /api/files?transaction=65c22cf3e8455c336549f8df - 319ms"}
{"level":"info","message":"2024-02-19 19:16 - GET /api/transactions - 279ms"}
{"level":"info","message":"2024-02-19 19:16 - GET /api/transactions - 279ms"}
{"level":"info","message":"2024-02-19 19:17 - GET /api/transactions - 276ms"}
{"level":"info","message":"2024-02-19 19:18 - GET /api/transactions - 277ms"}
{"level":"info","message":"2024-02-19 19:24 - GET /api/transactions - 359ms"}
{"level":"info","message":"2024-02-19 19:24 - GET /api/transactions - 332ms"}
{"level":"info","message":"2024-02-19 19:24 - GET /api/transactions - 286ms"}
{"level":"info","message":"2024-02-19 19:24 - GET /api/transactions - 277ms"}
{"level":"info","message":"2024-02-19 19:25 - GET /api/transactions - 205ms"}
{"level":"info","message":"2024-02-19 19:35 - GET /api/projects - 210ms"}
{"level":"info","message":"2024-02-19 19:35 - GET /api/transaction-types - 414ms"}
{"level":"info","message":"2024-02-19 19:40 - POST /api/transactions - 835ms"}
{"level":"info","message":"2024-02-19 19:40 - GET /api/transactions - 209ms"}
{"level":"info","message":"2024-02-19 19:40 - GET /api/files?transaction=65c22cf3e8455c336549f8df - 355ms"}
{"level":"info","message":"2024-02-19 19:40 - POST /api/transactions - 830ms"}
{"level":"info","message":"2024-02-19 19:40 - GET /api/transactions - 208ms"}
{"level":"info","message":"2024-02-19 19:41 - POST /api/transactions - 837ms"}
{"level":"info","message":"2024-02-19 19:41 - GET /api/transactions - 210ms"}
{"level":"info","message":"2024-02-19 19:41 - GET /api/files?transaction=65c22cf3e8455c336549f8df - 206ms"}
{"level":"info","message":"2024-02-19 19:42 - POST /api/transactions - 826ms"}
{"level":"info","message":"2024-02-19 19:42 - GET /api/transactions - 208ms"}
{"level":"info","message":"2024-02-19 19:42 - GET /api/files?transaction=65c22cf3e8455c336549f8df - 206ms"}
{"level":"info","message":"2024-02-19 19:43 - GET /api/transaction-types - 203ms"}
{"level":"info","message":"2024-02-19 19:43 - GET /api/projects - 204ms"}
{"level":"info","message":"2024-02-19 19:43 - POST /api/transactions - 923ms"}
{"level":"info","message":"2024-02-19 19:43 - GET /api/transactions - 203ms"}
{"level":"info","message":"2024-02-19 19:43 - GET /api/files?transaction=65c22cf3e8455c336549f8df - 209ms"}
{"level":"info","message":"2024-02-19 19:43 - POST /api/transactions - 838ms"}
{"level":"info","message":"2024-02-19 19:43 - GET /api/transactions - 206ms"}
{"level":"info","message":"2024-02-19 19:43 - GET /api/files?transaction=65c22cf3e8455c336549f8df - 204ms"}
{"level":"info","message":"2024-02-19 19:44 - POST /api/transactions - 835ms"}
{"level":"info","message":"2024-02-19 19:44 - GET /api/transactions - 204ms"}
{"level":"info","message":"2024-02-19 19:44 - GET /api/files?transaction=65c22cf3e8455c336549f8df - 206ms"}
{"level":"info","message":"2024-02-19 19:44 - GET /api/transaction-types - 203ms"}
{"level":"info","message":"2024-02-19 19:44 - GET /api/projects - 207ms"}
{"level":"info","message":"2024-02-19 19:45 - POST /api/transactions - 834ms"}
{"level":"info","message":"2024-02-19 19:45 - GET /api/transactions - 204ms"}
{"level":"info","message":"2024-02-19 19:45 - GET /api/files?transaction=65c22cf3e8455c336549f8df - 207ms"}
{"level":"info","message":"2024-02-19 19:47 - GET /api/projects - 207ms"}
{"level":"info","message":"2024-02-19 19:47 - GET /api/transaction-types - 212ms"}
{"level":"info","message":"2024-02-19 19:47 - POST /api/transactions - 860ms"}
{"level":"info","message":"2024-02-19 19:47 - GET /api/transactions - 209ms"}
{"level":"info","message":"2024-02-19 19:47 - GET /api/files?transaction=65c22cf3e8455c336549f8df - 202ms"}
{"level":"info","message":"2024-02-19 19:49 - POST /api/transactions - 833ms"}
{"level":"info","message":"2024-02-19 19:49 - GET /api/transactions - 211ms"}
{"level":"info","message":"2024-02-19 19:49 - GET /api/files?transaction=65c22cf3e8455c336549f8df - 202ms"}
{"level":"info","message":"2024-02-19 19:49 - POST /api/transactions - 836ms"}
{"level":"info","message":"2024-02-19 19:49 - GET /api/transactions - 213ms"}
{"level":"info","message":"2024-02-19 19:49 - GET /api/files?transaction=65c22cf3e8455c336549f8df - 202ms"}
{"level":"info","message":"2024-02-19 19:50 - POST /api/transactions - 832ms"}
{"level":"info","message":"2024-02-19 19:50 - GET /api/transactions - 213ms"}
{"level":"info","message":"2024-02-19 19:50 - GET /api/files?transaction=65c22cf3e8455c336549f8df - 200ms"}
{"level":"info","message":"2024-02-19 19:53 - GET /api/projects - 207ms"}
{"level":"info","message":"2024-02-19 19:53 - GET /api/transaction-types - 209ms"}
{"level":"info","message":"2024-02-19 20:00 - GET /api/projects - 207ms"}
{"level":"info","message":"2024-02-19 20:00 - GET /api/transaction-types - 209ms"}
{"level":"info","message":"2024-02-19 20:00 - GET /api/transaction-types - 203ms"}
{"level":"info","message":"2024-02-19 20:00 - GET /api/projects - 208ms"}
{"level":"info","message":"2024-02-19 20:01 - GET /api/transaction-types - 205ms"}
{"level":"info","message":"2024-02-19 20:01 - GET /api/projects - 210ms"}
{"level":"info","message":"2024-02-19 20:07 - POST /api/transactions - 841ms"}
{"level":"info","message":"2024-02-19 20:07 - GET /api/transactions - 211ms"}
{"level":"info","message":"2024-02-19 20:07 - GET /api/files?transaction=65c22cf3e8455c336549f8df - 204ms"}
{"level":"info","message":"2024-02-19 20:08 - POST /api/transactions - 894ms"}
{"level":"info","message":"2024-02-19 20:08 - GET /api/transactions - 208ms"}
{"level":"info","message":"2024-02-19 20:08 - GET /api/files?transaction=65c22cf3e8455c336549f8df - 208ms"}
{"level":"info","message":"2024-02-19 20:10 - GET /api/files?transaction=65c22cf3e8455c336549f8df - 206ms"}
{"level":"info","message":"2024-02-19 20:11 - GET /api/files?transaction=65c22cf3e8455c336549f8df - 202ms"}
{"level":"info","message":"2024-02-19 20:12 - POST /api/files - 219ms"}
{"level":"info","message":"2024-02-19 20:14 - GET /api/projects - 210ms"}
{"level":"info","message":"2024-02-19 20:14 - GET /api/transactions - 211ms"}
{"level":"info","message":"2024-02-19 20:14 - DELETE /api/transactions/delete-transaction/65d3af5284df83132e13a066 - 6ms"}
{"level":"info","message":"2024-02-19 20:14 - DELETE /api/transactions/delete-transaction/65d3af3284df83132e13a065 - 3ms"}
{"level":"info","message":"2024-02-19 20:14 - GET /api/transactions - 213ms"}
{"level":"info","message":"2024-02-19 20:14 - GET /api/transactions - 216ms"}
{"level":"info","message":"2024-02-19 20:14 - GET /api/transactions - 211ms"}
{"level":"info","message":"2024-02-19 20:14 - GET /api/transactions - 212ms"}
{"level":"info","message":"2024-02-19 20:14 - GET /api/projects - 208ms"}
{"level":"info","message":"2024-02-19 20:14 - GET /api/transactions - 207ms"}
{"level":"info","message":"2024-02-19 20:15 - GET /api/projects - 208ms"}
{"level":"info","message":"2024-02-19 20:15 - POST /api/transactions - 873ms"}
{"level":"info","message":"2024-02-19 20:15 - GET /api/transactions - 218ms"}
{"level":"info","message":"2024-02-19 20:15 - GET /api/files?transaction=65c22cf3e8455c336549f8df - 206ms"}
{"level":"info","message":"2024-02-19 20:19 - POST /api/transactions - 915ms"}
{"level":"info","message":"2024-02-19 20:19 - GET /api/transactions - 199ms"}
{"level":"info","message":"2024-02-19 20:19 - GET /api/files?transaction=65c22cf3e8455c336549f8df - 213ms"}
{"level":"info","message":"2024-02-19 20:21 - GET /api/projects - 201ms"}
{"level":"info","message":"2024-02-19 20:21 - GET /api/files?transaction=65c22cf3e8455c336549f8df - 205ms"}
{"level":"info","message":"2024-02-19 20:21 - GET /api/transaction-types - 206ms"}
{"level":"info","message":"2024-02-19 20:22 - GET /api/files?transaction=65c22cf3e8455c336549f8df - 200ms"}
{"level":"info","message":"2024-02-19 20:23 - GET /api/files?transaction=65c22cf3e8455c336549f8df - 204ms"}
{"level":"info","message":"2024-02-19 20:24 - GET /api/files?transaction=65c22cf3e8455c336549f8df - 204ms"}
{"level":"info","message":"2024-02-19 20:24 - GET /api/files?transaction=65c22cf3e8455c336549f8df - 203ms"}
{"level":"info","message":"2024-02-19 20:24 - GET /api/files?transaction=65c22cf3e8455c336549f8df - 202ms"}
{"level":"info","message":"2024-02-19 20:28 - GET /api/files?transaction=65c22cf3e8455c336549f8df - 196ms"}
{"level":"info","message":"2024-02-19 20:29 - GET /api/files?transaction=65c22cf3e8455c336549f8df - 198ms"}
{"level":"info","message":"2024-02-19 20:29 - GET /api/files?transaction=65c22cf3e8455c336549f8df - 204ms"}
{"level":"info","message":"2024-02-19 20:30 - GET /api/files?transaction=65c22cf3e8455c336549f8df - 198ms"}
{"level":"info","message":"2024-02-19 20:30 - GET /api/projects - 199ms"}
{"level":"info","message":"2024-02-19 20:30 - GET /api/transaction-types - 205ms"}
{"level":"info","message":"2024-02-19 20:30 - DELETE /api/files/undefined - 1ms"}
{"level":"info","message":"2024-02-19 20:41 - GET /api/projects/undefined - 18ms"}
{"level":"info","message":"2024-02-19 20:41 - GET /api/files?transaction=65c22cf3e8455c336549f8df - 203ms"}
{"level":"info","message":"2024-02-19 20:41 - GET /api/projects - 199ms"}
{"level":"info","message":"2024-02-19 20:41 - GET /api/transaction-types - 201ms"}
{"level":"info","message":"2024-02-19 20:41 - GET /api/projects/undefined - 4ms"}
{"level":"info","message":"2024-02-19 20:41 - GET /api/files?transaction=65c22cf3e8455c336549f8df - 200ms"}
{"level":"info","message":"2024-02-19 20:41 - GET /api/transaction-types - 201ms"}
{"level":"info","message":"2024-02-19 20:41 - GET /api/projects - 201ms"}
{"level":"info","message":"2024-02-19 20:41 - GET /api/projects/undefined - 1ms"}
{"level":"info","message":"2024-02-19 20:41 - GET /api/files?transaction=65c22cf3e8455c336549f8df - 203ms"}
{"level":"info","message":"2024-02-19 20:42 - GET /api/projects/undefined - 4ms"}
{"level":"info","message":"2024-02-19 20:42 - GET /api/files?transaction=65c22cf3e8455c336549f8df - 197ms"}
{"level":"info","message":"2024-02-19 20:42 - GET /api/projects - 202ms"}
{"level":"info","message":"2024-02-19 20:42 - GET /api/transaction-types - 199ms"}
{"level":"info","message":"2024-02-19 20:44 - GET /api/transaction-types - 199ms"}
{"level":"info","message":"2024-02-19 20:44 - GET /api/files?transaction=65c22cf3e8455c336549f8df - 206ms"}
{"level":"info","message":"2024-02-19 20:44 - GET /api/projects/65c207fe54aaf698efd3495b - 206ms"}
{"level":"info","message":"2024-02-19 20:44 - GET /api/projects - 391ms"}
{"level":"info","message":"2024-02-19 20:48 - GET /api/files?transaction=65c22cf3e8455c336549f8df - 208ms"}
{"level":"info","message":"2024-02-19 20:48 - GET /api/projects/65c207fe54aaf698efd3495b - 207ms"}
{"level":"info","message":"2024-02-19 20:48 - DELETE /api/files/undefined - 1ms"}
{"level":"info","message":"2024-02-19 20:50 - GET /api/projects/65c207fe54aaf698efd3495b - 202ms"}
{"level":"info","message":"2024-02-19 20:50 - GET /api/files?transaction=65c22cf3e8455c336549f8df - 203ms"}
{"level":"info","message":"2024-02-19 20:50 - GET /api/transaction-types - 205ms"}
{"level":"info","message":"2024-02-19 20:50 - GET /api/projects - 206ms"}
{"level":"info","message":"2024-02-19 20:50 - POST /api/files - 214ms"}
{"level":"info","message":"2024-02-19 20:50 - DELETE /api/files/undefined - 0ms"}
{"level":"info","message":"2024-02-19 20:53 - GET /api/files?transaction=65c22cf3e8455c336549f8df - 196ms"}
{"level":"info","message":"2024-02-19 20:53 - GET /api/projects/65c207fe54aaf698efd3495b - 199ms"}
{"level":"info","message":"2024-02-19 20:53 - GET /api/files?transaction=65c22cf3e8455c336549f8df - 195ms"}
{"level":"info","message":"2024-02-19 20:53 - GET /api/transaction-types - 197ms"}
{"level":"info","message":"2024-02-19 20:53 - GET /api/projects/65c207fe54aaf698efd3495b - 201ms"}
{"level":"info","message":"2024-02-19 20:53 - GET /api/projects - 200ms"}
{"level":"info","message":"2024-02-19 20:53 - POST /api/files - 208ms"}
{"level":"info","message":"2024-02-19 20:53 - DELETE /api/files/65d3bfca84df83132e13a074 - 213ms"}
{"level":"info","message":"2024-02-19 20:53 - GET /api/files?transaction=65c22cf3e8455c336549f8df - 205ms"}
{"level":"info","message":"2024-02-19 20:54 - GET /api/files?transaction=65c22cf3e8455c336549f8df - 194ms"}
{"level":"info","message":"2024-02-19 20:54 - GET /api/projects/65c207fe54aaf698efd3495b - 199ms"}
{"level":"info","message":"2024-02-19 20:54 - POST /api/files - 206ms"}
{"level":"info","message":"2024-02-19 20:54 - DELETE /api/files/65d3c00784df83132e13a075 - 207ms"}
{"level":"info","message":"2024-02-19 20:54 - GET /api/files?transaction=65c22cf3e8455c336549f8df - 196ms"}
{"level":"info","message":"2024-02-19 20:55 - GET /api/files?transaction=65c22cf3e8455c336549f8df - 197ms"}
{"level":"info","message":"2024-02-19 20:55 - GET /api/projects/65c207fe54aaf698efd3495b - 199ms"}
{"level":"info","message":"2024-02-19 20:55 - GET /api/files?transaction=65c22cf3e8455c336549f8df - 201ms"}
{"level":"info","message":"2024-02-19 20:55 - GET /api/projects/65c207fe54aaf698efd3495b - 205ms"}
{"level":"info","message":"2024-02-19 20:55 - GET /api/projects - 197ms"}
{"level":"info","message":"2024-02-19 20:55 - GET /api/projects/65c207fe54aaf698efd3495b - 200ms"}
{"level":"info","message":"2024-02-19 20:55 - GET /api/files?transaction=65c22cf3e8455c336549f8df - 200ms"}
{"level":"info","message":"2024-02-19 20:55 - GET /api/transaction-types - 203ms"}
{"level":"info","message":"2024-02-19 20:56 - POST /api/files - 216ms"}
{"level":"info","message":"2024-02-19 20:56 - POST /api/files - 203ms"}
{"level":"info","message":"2024-02-19 20:56 - DELETE /api/files/65d3c07384df83132e13a076 - 206ms"}
{"level":"info","message":"2024-02-19 20:56 - GET /api/files?transaction=65c22cf3e8455c336549f8df - 206ms"}
{"level":"info","message":"2024-02-19 20:56 - DELETE /api/files/65d3c08284df83132e13a077 - 201ms"}
{"level":"info","message":"2024-02-19 20:56 - GET /api/files?transaction=65c22cf3e8455c336549f8df - 200ms"}
{"level":"info","message":"2024-02-19 20:57 - POST /api/files - 210ms"}
{"level":"info","message":"2024-02-19 20:57 - DELETE /api/files/65d3c09c84df83132e13a078 - 211ms"}
{"level":"info","message":"2024-02-19 20:57 - GET /api/files?transaction=65c22cf3e8455c336549f8df - 193ms"}
{"level":"info","message":"2024-02-19 20:57 - GET /api/projects/65c207fe54aaf698efd3495b - 195ms"}
{"level":"info","message":"2024-02-19 20:57 - GET /api/files?transaction=65c22cf3e8455c336549f8df - 197ms"}
{"level":"info","message":"2024-02-19 21:01 - GET /api/files?transaction=65c22cf3e8455c336549f8df - 205ms"}
{"level":"info","message":"2024-02-19 21:01 - GET /api/projects/65c207fe54aaf698efd3495b - 391ms"}
{"level":"info","message":"2024-02-19 21:01 - GET /api/projects - 592ms"}
{"level":"info","message":"2024-02-19 21:01 - GET /api/transaction-types - 790ms"}
{"level":"info","message":"2024-02-19 21:01 - GET /api/projects/65c207fe54aaf698efd3495b - 203ms"}
{"level":"info","message":"2024-02-19 21:01 - GET /favicon.ico - 3ms"}
{"level":"info","message":"2024-02-19 21:01 - GET /api/projects - 207ms"}
{"level":"info","message":"2024-02-19 21:01 - GET /api/projects/65cdf079d89428c754e91cfe - 213ms"}
{"level":"info","message":"2024-02-19 21:02 - GET /api/projects/65c207fe54aaf698efd3495b - 195ms"}
{"level":"info","message":"2024-02-19 21:02 - GET /api/files?transaction=65d3b6e484df83132e13a071 - 202ms"}
{"level":"info","message":"2024-02-19 21:02 - GET /api/transactions/65d3b6e484df83132e13a071 - 204ms"}
{"level":"info","message":"2024-02-19 21:03 - GET /api/projects/65cdf079d89428c754e91cfe - 202ms"}
{"level":"info","message":"2024-02-19 21:03 - GET /api/files?transaction=65d3b6e484df83132e13a071 - 209ms"}
{"level":"info","message":"2024-02-19 21:03 - GET /api/projects - 203ms"}
{"level":"info","message":"2024-02-19 21:03 - GET /api/transaction-types - 209ms"}
{"level":"info","message":"2024-02-19 21:04 - GET /api/projects/65cdf079d89428c754e91cfe - 200ms"}
{"level":"info","message":"2024-02-19 21:04 - GET /api/files?transaction=65d3b6e484df83132e13a071 - 200ms"}
{"level":"info","message":"2024-02-19 21:04 - GET /api/files?transaction=65d3b6e484df83132e13a071 - 197ms"}
{"level":"info","message":"2024-02-19 21:04 - GET /api/projects/65cdf079d89428c754e91cfe - 203ms"}
{"level":"info","message":"2024-02-19 21:05 - GET /api/projects/65cdf079d89428c754e91cfe - 198ms"}
{"level":"info","message":"2024-02-19 21:05 - GET /api/files?transaction=65d3b6e484df83132e13a071 - 198ms"}
{"level":"info","message":"2024-02-19 21:05 - GET /api/files?transaction=65d3b6e484df83132e13a071 - 200ms"}
{"level":"info","message":"2024-02-19 21:05 - GET /api/projects/65cdf079d89428c754e91cfe - 208ms"}
{"level":"info","message":"2024-02-19 21:05 - POST /api/files - 213ms"}
{"level":"info","message":"2024-02-19 21:06 - GET /api/projects/65cdf079d89428c754e91cfe - 196ms"}
{"level":"info","message":"2024-02-19 21:06 - GET /api/files?transaction=65d3b6e484df83132e13a071 - 198ms"}
{"level":"info","message":"2024-02-19 21:06 - GET /api/projects/65cdf079d89428c754e91cfe - 197ms"}
{"level":"info","message":"2024-02-19 21:06 - GET /api/files?transaction=65d3b6e484df83132e13a071 - 202ms"}
{"level":"info","message":"2024-02-19 21:07 - GET /api/files?transaction=65d3b6e484df83132e13a071 - 205ms"}
{"level":"info","message":"2024-02-19 21:07 - GET /api/projects - 200ms"}
{"level":"info","message":"2024-02-19 21:07 - GET /api/projects/65cdf079d89428c754e91cfe - 208ms"}
{"level":"info","message":"2024-02-19 21:07 - GET /api/transaction-types - 208ms"}
{"level":"info","message":"2024-02-19 21:08 - POST /api/files - 207ms"}
{"level":"info","message":"2024-02-19 21:08 - POST /api/files - 204ms"}
{"level":"info","message":"2024-02-19 21:08 - POST /api/files - 215ms"}
{"level":"info","message":"2024-02-19 21:08 - POST /api/files - 211ms"}
{"level":"info","message":"2024-02-19 21:08 - POST /api/files - 209ms"}
{"level":"info","message":"2024-02-19 21:09 - GET /api/projects/65cdf079d89428c754e91cfe - 203ms"}
{"level":"info","message":"2024-02-19 21:09 - GET /api/projects - 202ms"}
{"level":"info","message":"2024-02-19 21:09 - GET /api/files?transaction=65d3b6e484df83132e13a071 - 208ms"}
{"level":"info","message":"2024-02-19 21:09 - GET /api/transaction-types - 212ms"}
{"level":"info","message":"2024-02-19 21:10 - GET /api/files?transaction=65d3b6e484df83132e13a071 - 199ms"}
{"level":"info","message":"2024-02-19 21:10 - GET /api/projects/65cdf079d89428c754e91cfe - 199ms"}
{"level":"info","message":"2024-02-19 21:10 - DELETE /api/files/65d3c33dcd13ca763b257b39 - 213ms"}
{"level":"info","message":"2024-02-19 21:10 - GET /api/files?transaction=65d3b6e484df83132e13a071 - 207ms"}
{"level":"info","message":"2024-02-19 21:10 - DELETE /api/files/65d3c336cd13ca763b257b35 - 222ms"}
{"level":"info","message":"2024-02-19 21:10 - GET /api/files?transaction=65d3b6e484df83132e13a071 - 203ms"}
{"level":"info","message":"2024-02-19 21:10 - DELETE /api/files/65d3c337cd13ca763b257b36 - 209ms"}
{"level":"info","message":"2024-02-19 21:10 - GET /api/files?transaction=65d3b6e484df83132e13a071 - 204ms"}
{"level":"info","message":"2024-02-19 21:10 - DELETE /api/files/65d3c337cd13ca763b257b37 - 207ms"}
{"level":"info","message":"2024-02-19 21:10 - GET /api/files?transaction=65d3b6e484df83132e13a071 - 201ms"}
{"level":"info","message":"2024-02-19 21:10 - DELETE /api/files/65d3c337cd13ca763b257b38 - 208ms"}
{"level":"info","message":"2024-02-19 21:10 - GET /api/files?transaction=65d3b6e484df83132e13a071 - 206ms"}
{"level":"info","message":"2024-02-19 21:10 - GET /api/files?transaction=65d3b6e484df83132e13a071 - 198ms"}
{"level":"info","message":"2024-02-19 21:10 - GET /api/projects/65cdf079d89428c754e91cfe - 200ms"}
{"level":"info","message":"2024-02-19 21:11 - GET /api/projects - 201ms"}
{"level":"info","message":"2024-02-19 21:11 - GET /api/transaction-types - 207ms"}
{"level":"info","message":"2024-02-19 21:12 - GET /api/transaction-types - 200ms"}
{"level":"info","message":"2024-02-19 21:12 - GET /api/projects - 203ms"}
{"level":"info","message":"2024-02-19 21:12 - POST /api/transactions - 824ms"}
{"level":"info","message":"2024-02-19 21:12 - GET /api/transactions - 210ms"}
{"level":"info","message":"2024-02-19 21:12 - GET /api/projects/undefined - 1ms"}
{"level":"info","message":"2024-02-19 21:12 - GET /api/files?transaction=65d3b6e484df83132e13a071 - 203ms"}
{"level":"info","message":"2024-02-19 21:15 - GET /api/projects - 211ms"}
{"level":"info","message":"2024-02-19 21:15 - GET /api/transaction-types - 213ms"}
{"level":"info","message":"2024-02-19 21:15 - POST /api/transactions - 819ms"}
{"level":"info","message":"2024-02-19 21:15 - GET /api/transactions - 211ms"}
{"level":"info","message":"2024-02-19 21:15 - GET /api/projects/undefined - 0ms"}
{"level":"info","message":"2024-02-19 21:15 - GET /api/files?transaction=65d3b6e484df83132e13a071 - 211ms"}
{"level":"info","message":"2024-02-19 21:16 - GET /api/projects - 200ms"}
{"level":"info","message":"2024-02-19 21:16 - GET /api/transaction-types - 202ms"}
{"level":"info","message":"2024-02-19 21:16 - POST /api/transactions - 819ms"}
{"level":"info","message":"2024-02-19 21:16 - GET /api/transactions - 214ms"}
{"level":"info","message":"2024-02-19 21:16 - GET /api/projects/65cdf109d89428c754e91d00 - 200ms"}
{"level":"info","message":"2024-02-19 21:16 - GET /api/files?transaction=65d3c529cd13ca763b257b3c - 204ms"}
{"level":"info","message":"2024-02-19 21:16 - POST /api/files - 208ms"}
{"level":"info","message":"2024-02-19 21:17 - GET /api/projects - 209ms"}
{"level":"info","message":"2024-02-19 21:17 - GET /api/transactions - 205ms"}
{"level":"info","message":"2024-02-19 21:17 - GET /api/transactions - 211ms"}
{"level":"info","message":"2024-02-19 21:17 - GET /api/transactions - 209ms"}
{"level":"info","message":"2024-02-19 21:17 - GET /api/projects - 203ms"}
{"level":"info","message":"2024-02-19 21:17 - GET /api/transactions - 206ms"}
{"level":"info","message":"2024-02-19 21:17 - GET /api/projects - 212ms"}
{"level":"info","message":"2024-02-19 21:17 - POST /api/projects/create-project - 1ms"}
{"level":"info","message":"2024-02-19 21:17 - POST /api/projects/create-project - 1ms"}
{"level":"info","message":"2024-02-19 21:17 - POST /api/projects/create-project - 1ms"}
{"level":"info","message":"2024-02-20 20:31 - GET /api/transactions - 277ms"}
{"level":"info","message":"2024-02-20 20:32 - GET /api/projects - 950ms"}
{"level":"info","message":"2024-02-20 20:32 - GET /api/transaction-types - 1011ms"}
{"level":"info","message":"2024-02-20 20:32 - GET /api/projects - 85ms"}
{"level":"info","message":"2024-02-20 20:32 - GET /api/projects - 137ms"}
{"level":"info","message":"2024-02-20 20:32 - GET /api/transactions - 198ms"}
{"level":"info","message":"2024-02-20 20:32 - GET /api/projects - 87ms"}
{"level":"info","message":"2024-02-20 20:33 - POST /api/transactions - 1019ms"}
{"level":"info","message":"2024-02-20 20:33 - GET /api/transactions - 316ms"}
{"level":"info","message":"2024-02-20 20:33 - GET /api/files?transaction=65d50c7d23ff1850c0e0a9cf - 233ms"}
{"level":"info","message":"2024-02-20 20:33 - GET /api/projects/65cdf079d89428c754e91cfe - 236ms"}
{"level":"info","message":"2024-02-20 20:33 - POST /api/files - 187ms"}
{"level":"info","message":"2024-02-20 20:33 - GET /api/projects - 141ms"}
{"level":"info","message":"2024-02-20 20:33 - GET /api/transactions - 193ms"}
{"level":"info","message":"2024-02-20 20:34 - GET /api/transactions - 131ms"}
{"level":"info","message":"2024-02-20 20:35 - POST /api/users/login - 473ms"}
{"level":"info","message":"2024-02-20 20:35 - GET /api/projects - 107ms"}
{"level":"info","message":"2024-02-20 20:35 - GET /api/transactions - 192ms"}
{"level":"info","message":"2024-02-20 20:35 - DELETE /api/transactions/delete-transaction/65d3af7c84df83132e13a067 - 7ms"}
{"level":"info","message":"2024-02-20 20:35 - DELETE /api/transactions/delete-transaction/65d3af7c84df83132e13a067 - 1ms"}
{"level":"info","message":"2024-02-20 20:35 - DELETE /api/transactions/delete-transaction/65d3af7c84df83132e13a067 - 2ms"}
{"level":"info","message":"2024-02-20 20:35 - DELETE /api/transactions/delete-transaction/65d3af5284df83132e13a066 - 4ms"}
{"level":"info","message":"2024-02-20 20:35 - DELETE /api/transactions/delete-transaction/65d3af3284df83132e13a065 - 3ms"}
{"level":"info","message":"2024-02-20 20:36 - DELETE /api/transactions/delete-transaction/65d3af3284df83132e13a065 - 4ms"}
{"level":"info","message":"2024-02-20 20:36 - GET /api/projects - 314ms"}
{"level":"info","message":"2024-02-20 20:36 - DELETE /api/projects/delete-project/65d3c697cd13ca763b257b3e - 1ms"}
{"level":"info","message":"2024-02-20 20:36 - GET /api/projects - 172ms"}
{"level":"info","message":"2024-02-20 20:37 - GET /api/projects - 253ms"}
{"level":"info","message":"2024-02-20 20:38 - DELETE /api/projects/65d3c697cd13ca763b257b3e - 377ms"}
{"level":"info","message":"2024-02-20 20:38 - GET /api/projects - 270ms"}
{"level":"info","message":"2024-02-20 20:38 - POST /api/projects - 211ms"}
{"level":"info","message":"2024-02-20 20:41 - GET /api/transactions - 153ms"}
